1669725801437	geckodriver	INFO	Listening on 127.0.0.1:3416
1669725804476	mozrunner::runner	INFO	Running command: "C:\\Program Files\\Mozilla Firefox\\firefox.exe" "--marionette" "--headless" "--disable-gpu" "--remote-debugging-port" "3417" "--remote-allow-hosts" "localhost" "-no-remote" "-profile" "C:\\Users\\sixyco\\AppData\\Local\\Temp\\rust_mozprofilefFOFRm"
*** You are running in headless mode.
1669725804932	Marionette	INFO	Marionette enabled
1669725804939	Marionette	INFO	Listening on port 3430
WebDriver BiDi listening on ws://127.0.0.1:3417
Read port: 3430
1669725805238	RemoteAgent	WARN	TLS certificate errors will be ignored for this session
[GFX1-]: RenderCompositorSWGL failed mapping default framebuffer, no dt
console.warn: SearchSettings: "get: No settings file exists, new profile?" (new NotFoundError("Could not open the file at C:\\Users\\sixyco\\AppData\\Local\\Temp\\rust_mozprofilefFOFRm\\search.json.mozlz4", (void 0)))
DevTools listening on ws://127.0.0.1:3417/devtools/browser/13f2a39e-2f96-4899-b37f-4465fd02ec6f
JavaScript error: resource://gre/modules/XULStore.jsm, line 58: Error: Can't find profile directory.
JavaScript error: resource://gre/modules/XULStore.jsm, line 58: Error: Can't find profile directory.
JavaScript warning: https://dlswbr.baidu.com/heicha/mw/abclite-2063-s.js?_t=1669725814836, line 1: WEBGL_debug_renderer_info is deprecated in Firefox and will be removed. Please use RENDERER.
console.warn: LoginRecipes: "Falling back to a synchronous message for: http://shop-xo.hctestedu.com."
1669725816029	Marionette	INFO	Stopped listening on port 3430
1669725818928	geckodriver	INFO	Listening on 127.0.0.1:3520
1669725821981	mozrunner::runner	INFO	Running command: "C:\\Program Files\\Mozilla Firefox\\firefox.exe" "--marionette" "--headless" "--disable-gpu" "--remote-debugging-port" "3521" "--remote-allow-hosts" "localhost" "-no-remote" "-profile" "C:\\Users\\sixyco\\AppData\\Local\\Temp\\rust_mozprofilefBdjJz"
*** You are running in headless mode.
1669725822414	Marionette	INFO	Marionette enabled
1669725822419	Marionette	INFO	Listening on port 3532
Read port: 3532
WebDriver BiDi listening on ws://127.0.0.1:3521
1669725822522	RemoteAgent	WARN	TLS certificate errors will be ignored for this session
[GFX1-]: RenderCompositorSWGL failed mapping default framebuffer, no dt
console.warn: SearchSettings: "get: No settings file exists, new profile?" (new NotFoundError("Could not open the file at C:\\Users\\sixyco\\AppData\\Local\\Temp\\rust_mozprofilefBdjJz\\search.json.mozlz4", (void 0)))
DevTools listening on ws://127.0.0.1:3521/devtools/browser/1fae98bf-43ce-4ced-be01-3a315997a00c
JavaScript warning: https://dlswbr.baidu.com/heicha/mw/abclite-2063-s.js?_t=1669725838754, line 1: WEBGL_debug_renderer_info is deprecated in Firefox and will be removed. Please use RENDERER.
JavaScript warning: https://dlswbr.baidu.com/heicha/mw/abclite-2063-s.js?_t=1669725839673, line 1: WEBGL_debug_renderer_info is deprecated in Firefox and will be removed. Please use RENDERER.
JavaScript error: resource://gre/modules/XULStore.jsm, line 58: Error: Can't find profile directory.
JavaScript error: resource://gre/modules/XULStore.jsm, line 58: Error: Can't find profile directory.
JavaScript warning: https://dlswbr.baidu.com/heicha/mw/abclite-2063-s.js?_t=1669725840469, line 1: WEBGL_debug_renderer_info is deprecated in Firefox and will be removed. Please use RENDERER.
console.warn: LoginRecipes: "Falling back to a synchronous message for: http://shop-xo.hctestedu.com."
JavaScript warning: https://dlswbr.baidu.com/heicha/mw/abclite-2063-s.js?_t=1669725841654, line 1: WEBGL_debug_renderer_info is deprecated in Firefox and will be removed. Please use RENDERER.
console.warn: LoginRecipes: "Falling back to a synchronous message for: http://shop-xo.hctestedu.com."
1669725843779	Marionette	INFO	Stopped listening on port 3532
1669725987889	geckodriver	INFO	Listening on 127.0.0.1:3694
1669725990959	mozrunner::runner	INFO	Running command: "C:\\Program Files\\Mozilla Firefox\\firefox.exe" "--marionette" "--headless" "--disable-gpu" "--remote-debugging-port" "3695" "--remote-allow-hosts" "localhost" "-no-remote" "-profile" "C:\\Users\\sixyco\\AppData\\Local\\Temp\\rust_mozprofileQ9HJIu"
*** You are running in headless mode.
1669725991385	Marionette	INFO	Marionette enabled
1669725991391	Marionette	INFO	Listening on port 3704
Read port: 3704
WebDriver BiDi listening on ws://127.0.0.1:3695
1669725991497	RemoteAgent	WARN	TLS certificate errors will be ignored for this session
[GFX1-]: RenderCompositorSWGL failed mapping default framebuffer, no dt
console.warn: SearchSettings: "get: No settings file exists, new profile?" (new NotFoundError("Could not open the file at C:\\Users\\sixyco\\AppData\\Local\\Temp\\rust_mozprofileQ9HJIu\\search.json.mozlz4", (void 0)))
DevTools listening on ws://127.0.0.1:3695/devtools/browser/9882d560-17a1-4230-821b-cadc94523781
JavaScript error: resource://gre/modules/XULStore.jsm, line 58: Error: Can't find profile directory.
JavaScript error: resource://gre/modules/XULStore.jsm, line 58: Error: Can't find profile directory.
JavaScript warning: https://dlswbr.baidu.com/heicha/mw/abclite-2063-s.js?_t=1669726005173, line 1: WEBGL_debug_renderer_info is deprecated in Firefox and will be removed. Please use RENDERER.
console.warn: LoginRecipes: "Falling back to a synchronous message for: http://shop-xo.hctestedu.com."
1669726006027	Marionette	INFO	Stopped listening on port 3704
1669726008953	geckodriver	INFO	Listening on 127.0.0.1:3780
1669726016183	mozrunner::runner	INFO	Running command: "C:\\Program Files\\Mozilla Firefox\\firefox.exe" "--marionette" "--headless" "--disable-gpu" "--remote-debugging-port" "3781" "--remote-allow-hosts" "localhost" "-no-remote" "-profile" "C:\\Users\\sixyco\\AppData\\Local\\Temp\\rust_mozprofilem0E3sT"
*** You are running in headless mode.
1669726016609	Marionette	INFO	Marionette enabled
1669726016615	Marionette	INFO	Listening on port 3794
Read port: 3794
WebDriver BiDi listening on ws://127.0.0.1:3781
1669726016722	RemoteAgent	WARN	TLS certificate errors will be ignored for this session
[GFX1-]: RenderCompositorSWGL failed mapping default framebuffer, no dt
console.warn: SearchSettings: "get: No settings file exists, new profile?" (new NotFoundError("Could not open the file at C:\\Users\\sixyco\\AppData\\Local\\Temp\\rust_mozprofilem0E3sT\\search.json.mozlz4", (void 0)))
DevTools listening on ws://127.0.0.1:3781/devtools/browser/3a6f4502-e64e-49bc-b1c7-1e853efc6851
JavaScript warning: https://dlswbr.baidu.com/heicha/mw/abclite-2063-s.js?_t=1669726028935, line 1: WEBGL_debug_renderer_info is deprecated in Firefox and will be removed. Please use RENDERER.
JavaScript warning: https://dlswbr.baidu.com/heicha/mw/abclite-2063-s.js?_t=1669726029902, line 1: WEBGL_debug_renderer_info is deprecated in Firefox and will be removed. Please use RENDERER.
JavaScript error: resource://gre/modules/XULStore.jsm, line 58: Error: Can't find profile directory.
JavaScript error: resource://gre/modules/XULStore.jsm, line 58: Error: Can't find profile directory.
JavaScript warning: https://dlswbr.baidu.com/heicha/mw/abclite-2063-s.js?_t=1669726030892, line 1: WEBGL_debug_renderer_info is deprecated in Firefox and will be removed. Please use RENDERER.
console.warn: LoginRecipes: "Falling back to a synchronous message for: http://shop-xo.hctestedu.com."
JavaScript warning: https://dlswbr.baidu.com/heicha/mw/abclite-2063-s.js?_t=1669726032109, line 1: WEBGL_debug_renderer_info is deprecated in Firefox and will be removed. Please use RENDERER.
console.warn: LoginRecipes: "Falling back to a synchronous message for: http://shop-xo.hctestedu.com."
1669726034200	Marionette	INFO	Stopped listening on port 3794
1669729326713	geckodriver	INFO	Listening on 127.0.0.1:5739
1669729329792	mozrunner::runner	INFO	Running command: "C:\\Program Files\\Mozilla Firefox\\firefox.exe" "--marionette" "--headless" "--disable-gpu" "--remote-debugging-port" "5740" "--remote-allow-hosts" "localhost" "-no-remote" "-profile" "C:\\Users\\sixyco\\AppData\\Local\\Temp\\rust_mozprofileP8G9xU"
*** You are running in headless mode.
1669729330241	Marionette	INFO	Marionette enabled
1669729330247	Marionette	INFO	Listening on port 5752
Read port: 5752
WebDriver BiDi listening on ws://127.0.0.1:5740
1669729330445	RemoteAgent	WARN	TLS certificate errors will be ignored for this session
[GFX1-]: RenderCompositorSWGL failed mapping default framebuffer, no dt
console.warn: SearchSettings: "get: No settings file exists, new profile?" (new NotFoundError("Could not open the file at C:\\Users\\sixyco\\AppData\\Local\\Temp\\rust_mozprofileP8G9xU\\search.json.mozlz4", (void 0)))
DevTools listening on ws://127.0.0.1:5740/devtools/browser/81ae77ad-b2dd-42d6-aa89-eb3ad95b3633
JavaScript error: resource://gre/modules/XULStore.jsm, line 58: Error: Can't find profile directory.
JavaScript error: resource://gre/modules/XULStore.jsm, line 58: Error: Can't find profile directory.
JavaScript warning: https://dlswbr.baidu.com/heicha/mw/abclite-2063-s.js?_t=1669729340339, line 1: WEBGL_debug_renderer_info is deprecated in Firefox and will be removed. Please use RENDERER.
console.warn: LoginRecipes: "Falling back to a synchronous message for: http://shop-xo.hctestedu.com."
1669729341268	Marionette	INFO	Stopped listening on port 5752
JavaScript error: resource://gre/modules/UrlClassifierListManager.jsm, line 693: TypeError: this.tablesData[table] is undefined
[Parent 21352, IPC I/O Parent] WARNING: file /builds/worker/checkouts/gecko/ipc/chromium/src/base/process_util_win.cc:167
1669729344197	geckodriver	INFO	Listening on 127.0.0.1:5826
1669729351353	mozrunner::runner	INFO	Running command: "C:\\Program Files\\Mozilla Firefox\\firefox.exe" "--marionette" "--headless" "--disable-gpu" "--remote-debugging-port" "5827" "--remote-allow-hosts" "localhost" "-no-remote" "-profile" "C:\\Users\\sixyco\\AppData\\Local\\Temp\\rust_mozprofile9atcyQ"
*** You are running in headless mode.
1669729351774	Marionette	INFO	Marionette enabled
1669729351781	Marionette	INFO	Listening on port 5840
Read port: 5840
WebDriver BiDi listening on ws://127.0.0.1:5827
1669729351888	RemoteAgent	WARN	TLS certificate errors will be ignored for this session
[GFX1-]: RenderCompositorSWGL failed mapping default framebuffer, no dt
console.warn: SearchSettings: "get: No settings file exists, new profile?" (new NotFoundError("Could not open the file at C:\\Users\\sixyco\\AppData\\Local\\Temp\\rust_mozprofile9atcyQ\\search.json.mozlz4", (void 0)))
DevTools listening on ws://127.0.0.1:5827/devtools/browser/1bedeeb5-674f-4531-ad1f-6f1d3989f51e
JavaScript warning: https://dlswbr.baidu.com/heicha/mw/abclite-2063-s.js?_t=1669729364252, line 1: WEBGL_debug_renderer_info is deprecated in Firefox and will be removed. Please use RENDERER.
JavaScript warning: https://dlswbr.baidu.com/heicha/mw/abclite-2063-s.js?_t=1669729365377, line 1: WEBGL_debug_renderer_info is deprecated in Firefox and will be removed. Please use RENDERER.
JavaScript error: resource://gre/modules/XULStore.jsm, line 58: Error: Can't find profile directory.
JavaScript error: resource://gre/modules/XULStore.jsm, line 58: Error: Can't find profile directory.
JavaScript warning: https://dlswbr.baidu.com/heicha/mw/abclite-2063-s.js?_t=1669729366329, line 1: WEBGL_debug_renderer_info is deprecated in Firefox and will be removed. Please use RENDERER.
console.warn: LoginRecipes: "Falling back to a synchronous message for: http://shop-xo.hctestedu.com."
JavaScript warning: https://dlswbr.baidu.com/heicha/mw/abclite-2063-s.js?_t=1669729367595, line 1: WEBGL_debug_renderer_info is deprecated in Firefox and will be removed. Please use RENDERER.
console.warn: LoginRecipes: "Falling back to a synchronous message for: http://shop-xo.hctestedu.com."
1669729370096	Marionette	INFO	Stopped listening on port 5840
1669730215026	geckodriver	INFO	Listening on 127.0.0.1:6732
1669730218051	mozrunner::runner	INFO	Running command: "C:\\Program Files\\Mozilla Firefox\\firefox.exe" "--marionette" "--headless" "--disable-gpu" "--remote-debugging-port" "6733" "--remote-allow-hosts" "localhost" "-no-remote" "-profile" "C:\\Users\\sixyco\\AppData\\Local\\Temp\\rust_mozprofileJDBQLG"
*** You are running in headless mode.
1669730218486	Marionette	INFO	Marionette enabled
1669730218491	Marionette	INFO	Listening on port 6744
Read port: 6744
WebDriver BiDi listening on ws://127.0.0.1:6733
1669730218600	RemoteAgent	WARN	TLS certificate errors will be ignored for this session
[GFX1-]: RenderCompositorSWGL failed mapping default framebuffer, no dt
console.warn: SearchSettings: "get: No settings file exists, new profile?" (new NotFoundError("Could not open the file at C:\\Users\\sixyco\\AppData\\Local\\Temp\\rust_mozprofileJDBQLG\\search.json.mozlz4", (void 0)))
DevTools listening on ws://127.0.0.1:6733/devtools/browser/ab677677-9d57-4371-80f4-e41a0e8a8e7f
JavaScript warning: https://dlswbr.baidu.com/heicha/mw/abclite-2063-s.js?_t=1669730230572, line 1: WEBGL_debug_renderer_info is deprecated in Firefox and will be removed. Please use RENDERER.
JavaScript warning: https://dlswbr.baidu.com/heicha/mw/abclite-2063-s.js?_t=1669730231671, line 1: WEBGL_debug_renderer_info is deprecated in Firefox and will be removed. Please use RENDERER.
JavaScript error: resource://gre/modules/XULStore.jsm, line 58: Error: Can't find profile directory.
JavaScript error: resource://gre/modules/XULStore.jsm, line 58: Error: Can't find profile directory.
JavaScript warning: https://dlswbr.baidu.com/heicha/mw/abclite-2063-s.js?_t=1669730232557, line 1: WEBGL_debug_renderer_info is deprecated in Firefox and will be removed. Please use RENDERER.
console.warn: LoginRecipes: "Falling back to a synchronous message for: http://shop-xo.hctestedu.com."
JavaScript warning: https://dlswbr.baidu.com/heicha/mw/abclite-2063-s.js?_t=1669730233621, line 1: WEBGL_debug_renderer_info is deprecated in Firefox and will be removed. Please use RENDERER.
console.warn: LoginRecipes: "Falling back to a synchronous message for: http://shop-xo.hctestedu.com."
1669730236237	Marionette	INFO	Stopped listening on port 6744
1669731513537	geckodriver	INFO	Listening on 127.0.0.1:8252
1669731516591	mozrunner::runner	INFO	Running command: "C:\\Program Files\\Mozilla Firefox\\firefox.exe" "--marionette" "--headless" "--disable-gpu" "--remote-debugging-port" "8253" "--remote-allow-hosts" "localhost" "-no-remote" "-profile" "C:\\Users\\sixyco\\AppData\\Local\\Temp\\rust_mozprofile98UxCS"
*** You are running in headless mode.
1669731517037	Marionette	INFO	Marionette enabled
1669731517043	Marionette	INFO	Listening on port 8264
WebDriver BiDi listening on ws://127.0.0.1:8253
Read port: 8264
1669731517358	RemoteAgent	WARN	TLS certificate errors will be ignored for this session
[GFX1-]: RenderCompositorSWGL failed mapping default framebuffer, no dt
console.warn: SearchSettings: "get: No settings file exists, new profile?" (new NotFoundError("Could not open the file at C:\\Users\\sixyco\\AppData\\Local\\Temp\\rust_mozprofile98UxCS\\search.json.mozlz4", (void 0)))
DevTools listening on ws://127.0.0.1:8253/devtools/browser/bec75fc9-d4b0-43cb-9c72-ae12b18caacd
JavaScript warning: https://dlswbr.baidu.com/heicha/mw/abclite-2063-s.js?_t=1669731529441, line 1: WEBGL_debug_renderer_info is deprecated in Firefox and will be removed. Please use RENDERER.
JavaScript warning: https://dlswbr.baidu.com/heicha/mw/abclite-2063-s.js?_t=1669731530582, line 1: WEBGL_debug_renderer_info is deprecated in Firefox and will be removed. Please use RENDERER.
JavaScript error: resource://gre/modules/XULStore.jsm, line 58: Error: Can't find profile directory.
JavaScript error: resource://gre/modules/XULStore.jsm, line 58: Error: Can't find profile directory.
JavaScript warning: https://dlswbr.baidu.com/heicha/mw/abclite-2063-s.js?_t=1669731531450, line 1: WEBGL_debug_renderer_info is deprecated in Firefox and will be removed. Please use RENDERER.
console.warn: LoginRecipes: "Falling back to a synchronous message for: http://shop-xo.hctestedu.com."
JavaScript warning: https://dlswbr.baidu.com/heicha/mw/abclite-2063-s.js?_t=1669731532756, line 1: WEBGL_debug_renderer_info is deprecated in Firefox and will be removed. Please use RENDERER.
console.warn: LoginRecipes: "Falling back to a synchronous message for: http://shop-xo.hctestedu.com."
1669731534904	Marionette	INFO	Stopped listening on port 8264
[Parent 13616, IPC I/O Parent] WARNING: file /builds/worker/checkouts/gecko/ipc/chromium/src/base/process_util_win.cc:167
1669731757698	geckodriver	INFO	Listening on 127.0.0.1:8522
1669731761253	geckodriver	INFO	Listening on 127.0.0.1:8531
1669731764304	mozrunner::runner	INFO	Running command: "C:\\Program Files\\Mozilla Firefox\\firefox.exe" "--marionette" "--remote-debugging-port" "8532" "--remote-allow-hosts" "localhost" "-no-remote" "-profile" "C:\\Users\\sixyco\\AppData\\Local\\Temp\\rust_mozprofilehGYGbo"
1669731764737	Marionette	INFO	Marionette enabled
1669731764744	Marionette	INFO	Listening on port 8544
Read port: 8544
WebDriver BiDi listening on ws://127.0.0.1:8532
1669731765170	RemoteAgent	WARN	TLS certificate errors will be ignored for this session
console.warn: SearchSettings: "get: No settings file exists, new profile?" (new NotFoundError("Could not open the file at C:\\Users\\sixyco\\AppData\\Local\\Temp\\rust_mozprofilehGYGbo\\search.json.mozlz4", (void 0)))
DevTools listening on ws://127.0.0.1:8532/devtools/browser/2471428e-1b95-4181-b514-f3c0782e8382
JavaScript error: resource://gre/modules/URIFixup.sys.mjs, line 304: NS_ERROR_FAILURE: Should pass a non-null uri
JavaScript error: resource://gre/modules/XULStore.jsm, line 58: Error: Can't find profile directory.
JavaScript error: resource://gre/modules/XULStore.jsm, line 58: Error: Can't find profile directory.
JavaScript warning: https://dlswbr.baidu.com/heicha/mw/abclite-2063-s.js?_t=1669731776207, line 1: WEBGL_debug_renderer_info is deprecated in Firefox and will be removed. Please use RENDERER.
console.warn: LoginRecipes: "Falling back to a synchronous message for: http://shop-xo.hctestedu.com."
1669731778202	Marionette	INFO	Stopped listening on port 8544
1669731781288	geckodriver	INFO	Listening on 127.0.0.1:8627
1669731784316	mozrunner::runner	INFO	Running command: "C:\\Program Files\\Mozilla Firefox\\firefox.exe" "--marionette" "--remote-debugging-port" "8628" "--remote-allow-hosts" "localhost" "-no-remote" "-profile" "C:\\Users\\sixyco\\AppData\\Local\\Temp\\rust_mozprofileOSpd9P"
1669731784778	Marionette	INFO	Marionette enabled
1669731784786	Marionette	INFO	Listening on port 8640
Read port: 8640
WebDriver BiDi listening on ws://127.0.0.1:8628
1669731785234	RemoteAgent	WARN	TLS certificate errors will be ignored for this session
console.warn: SearchSettings: "get: No settings file exists, new profile?" (new NotFoundError("Could not open the file at C:\\Users\\sixyco\\AppData\\Local\\Temp\\rust_mozprofileOSpd9P\\search.json.mozlz4", (void 0)))
DevTools listening on ws://127.0.0.1:8628/devtools/browser/de10930c-0a0c-4179-afa0-d46608c06f09
JavaScript error: resource://gre/modules/XULStore.jsm, line 58: Error: Can't find profile directory.
JavaScript error: resource://gre/modules/XULStore.jsm, line 58: Error: Can't find profile directory.
console.warn: LoginRecipes: "Falling back to a synchronous message for: http://shop-xo.hctestedu.com."
1669731805786	Marionette	WARN	TimedPromise timed out after 500 ms: stacktrace:
TimedPromise/<@chrome://remote/content/marionette/sync.sys.mjs:220:24
TimedPromise@chrome://remote/content/marionette/sync.sys.mjs:205:10
interaction.flushEventLoop@chrome://remote/content/marionette/interaction.sys.mjs:425:10
webdriverClickElement@chrome://remote/content/marionette/interaction.sys.mjs:173:31
JavaScript warning: https://dlswbr.baidu.com/heicha/mw/abclite-2063-s.js?_t=1669731804802, line 1: WEBGL_debug_renderer_info is deprecated in Firefox and will be removed. Please use RENDERER.
console.warn: LoginRecipes: "Falling back to a synchronous message for: http://shop-xo.hctestedu.com."
JavaScript warning: https://dlswbr.baidu.com/heicha/mw/abclite-2063-s.js?_t=1669731808363, line 1: WEBGL_debug_renderer_info is deprecated in Firefox and will be removed. Please use RENDERER.
1669731820450	geckodriver	INFO	Listening on 127.0.0.1:8750
1669731823506	mozrunner::runner	INFO	Running command: "C:\\Program Files\\Mozilla Firefox\\firefox.exe" "--marionette" "--remote-debugging-port" "8751" "--remote-allow-hosts" "localhost" "-no-remote" "-profile" "C:\\Users\\sixyco\\AppData\\Local\\Temp\\rust_mozprofile37qrWs"
1669731823938	Marionette	INFO	Marionette enabled
1669731823946	Marionette	INFO	Listening on port 8763
Read port: 8763
WebDriver BiDi listening on ws://127.0.0.1:8751
1669731824376	RemoteAgent	WARN	TLS certificate errors will be ignored for this session
console.warn: SearchSettings: "get: No settings file exists, new profile?" (new NotFoundError("Could not open the file at C:\\Users\\sixyco\\AppData\\Local\\Temp\\rust_mozprofile37qrWs\\search.json.mozlz4", (void 0)))
DevTools listening on ws://127.0.0.1:8751/devtools/browser/b3d260ad-ea44-4a05-9d12-bae6c0e2950f
JavaScript error: resource://gre/modules/URIFixup.sys.mjs, line 304: NS_ERROR_FAILURE: Should pass a non-null uri
JavaScript warning: https://dlswbr.baidu.com/heicha/mw/abclite-2063-s.js?_t=1669731837730, line 1: WEBGL_debug_renderer_info is deprecated in Firefox and will be removed. Please use RENDERER.
JavaScript error: resource://gre/modules/XULStore.jsm, line 58: Error: Can't find profile directory.
JavaScript error: resource://gre/modules/XULStore.jsm, line 58: Error: Can't find profile directory.
console.warn: LoginRecipes: "Falling back to a synchronous message for: http://shop-xo.hctestedu.com."
1669731840770	Marionette	WARN	TimedPromise timed out after 500 ms: stacktrace:
TimedPromise/<@chrome://remote/content/marionette/sync.sys.mjs:220:24
TimedPromise@chrome://remote/content/marionette/sync.sys.mjs:205:10
interaction.flushEventLoop@chrome://remote/content/marionette/interaction.sys.mjs:425:10
webdriverClickElement@chrome://remote/content/marionette/interaction.sys.mjs:173:31
JavaScript warning: https://dlswbr.baidu.com/heicha/mw/abclite-2063-s.js?_t=1669731839830, line 1: WEBGL_debug_renderer_info is deprecated in Firefox and will be removed. Please use RENDERER.
console.warn: LoginRecipes: "Falling back to a synchronous message for: http://shop-xo.hctestedu.com."
JavaScript warning: https://dlswbr.baidu.com/heicha/mw/abclite-2063-s.js?_t=1669731843370, line 1: WEBGL_debug_renderer_info is deprecated in Firefox and will be removed. Please use RENDERER.
1669731865277	Marionette	INFO	Stopped listening on port 8763
console.warn: TopSitesFeed: Failed to fetch data from Contile server: NetworkError when attempting to fetch resource.
1669731943230	geckodriver	INFO	Listening on 127.0.0.1:8963
1669731946295	mozrunner::runner	INFO	Running command: "C:\\Program Files\\Mozilla Firefox\\firefox.exe" "--marionette" "--remote-debugging-port" "8964" "--remote-allow-hosts" "localhost" "-no-remote" "-profile" "C:\\Users\\sixyco\\AppData\\Local\\Temp\\rust_mozprofilexW9hxG"
1669731946748	Marionette	INFO	Marionette enabled
1669731946754	Marionette	INFO	Listening on port 8973
Read port: 8973
WebDriver BiDi listening on ws://127.0.0.1:8964
1669731947181	RemoteAgent	WARN	TLS certificate errors will be ignored for this session
console.warn: SearchSettings: "get: No settings file exists, new profile?" (new NotFoundError("Could not open the file at C:\\Users\\sixyco\\AppData\\Local\\Temp\\rust_mozprofilexW9hxG\\search.json.mozlz4", (void 0)))
DevTools listening on ws://127.0.0.1:8964/devtools/browser/1d94f1fb-5934-481a-8b2b-ff39881ad2db
JavaScript error: resource://gre/modules/URIFixup.sys.mjs, line 304: NS_ERROR_FAILURE: Should pass a non-null uri
JavaScript error: resource://gre/modules/XULStore.jsm, line 58: Error: Can't find profile directory.
JavaScript error: resource://gre/modules/XULStore.jsm, line 58: Error: Can't find profile directory.
JavaScript warning: https://dlswbr.baidu.com/heicha/mw/abclite-2063-s.js?_t=1669731958297, line 1: WEBGL_debug_renderer_info is deprecated in Firefox and will be removed. Please use RENDERER.
console.warn: LoginRecipes: "Falling back to a synchronous message for: http://shop-xo.hctestedu.com."
1669731960180	Marionette	INFO	Stopped listening on port 8973
[Parent 20436, IPC I/O Parent] WARNING: file /builds/worker/checkouts/gecko/ipc/chromium/src/base/process_util_win.cc:167
1669731967359	geckodriver	INFO	Listening on 127.0.0.1:9061
1669731970427	mozrunner::runner	INFO	Running command: "C:\\Program Files\\Mozilla Firefox\\firefox.exe" "--marionette" "--remote-debugging-port" "9062" "--remote-allow-hosts" "localhost" "-no-remote" "-profile" "C:\\Users\\sixyco\\AppData\\Local\\Temp\\rust_mozprofileyj8lQt"
1669731970859	Marionette	INFO	Marionette enabled
1669731970867	Marionette	INFO	Listening on port 9073
Read port: 9073
WebDriver BiDi listening on ws://127.0.0.1:9062
1669731971278	RemoteAgent	WARN	TLS certificate errors will be ignored for this session
console.warn: SearchSettings: "get: No settings file exists, new profile?" (new NotFoundError("Could not open the file at C:\\Users\\sixyco\\AppData\\Local\\Temp\\rust_mozprofileyj8lQt\\search.json.mozlz4", (void 0)))
DevTools listening on ws://127.0.0.1:9062/devtools/browser/b3ef26d5-a726-4874-afc4-8134e9c45966
JavaScript error: resource://gre/modules/URIFixup.sys.mjs, line 304: NS_ERROR_FAILURE: Should pass a non-null uri
JavaScript warning: https://dlswbr.baidu.com/heicha/mw/abclite-2063-s.js?_t=1669731984128, line 1: WEBGL_debug_renderer_info is deprecated in Firefox and will be removed. Please use RENDERER.
JavaScript warning: https://dlswbr.baidu.com/heicha/mw/abclite-2063-s.js?_t=1669731985119, line 1: WEBGL_debug_renderer_info is deprecated in Firefox and will be removed. Please use RENDERER.
JavaScript error: resource://gre/modules/XULStore.jsm, line 58: Error: Can't find profile directory.
JavaScript error: resource://gre/modules/XULStore.jsm, line 58: Error: Can't find profile directory.
JavaScript warning: https://dlswbr.baidu.com/heicha/mw/abclite-2063-s.js?_t=1669731985913, line 1: WEBGL_debug_renderer_info is deprecated in Firefox and will be removed. Please use RENDERER.
console.warn: LoginRecipes: "Falling back to a synchronous message for: http://shop-xo.hctestedu.com."
JavaScript warning: https://dlswbr.baidu.com/heicha/mw/abclite-2063-s.js?_t=1669731987542, line 1: WEBGL_debug_renderer_info is deprecated in Firefox and will be removed. Please use RENDERER.
console.warn: LoginRecipes: "Falling back to a synchronous message for: http://shop-xo.hctestedu.com."
1669731990770	Marionette	INFO	Stopped listening on port 9073
[Parent 2552, IPC I/O Parent] WARNING: DuplicateHandle failed for handle 0 in TransferHandles: file /builds/worker/checkouts/gecko/ipc/chromium/src/chrome/common/ipc_channel_win.cc:746
1669732093770	geckodriver	INFO	Listening on 127.0.0.1:9392
1669732096833	mozrunner::runner	INFO	Running command: "C:\\Program Files\\Mozilla Firefox\\firefox.exe" "--marionette" "--remote-debugging-port" "9393" "--remote-allow-hosts" "localhost" "-no-remote" "-profile" "C:\\Users\\sixyco\\AppData\\Local\\Temp\\rust_mozprofileIM9SxR"
1669732097266	Marionette	INFO	Marionette enabled
1669732097272	Marionette	INFO	Listening on port 9404
Read port: 9404
WebDriver BiDi listening on ws://127.0.0.1:9393
1669732097696	RemoteAgent	WARN	TLS certificate errors will be ignored for this session
console.warn: SearchSettings: "get: No settings file exists, new profile?" (new NotFoundError("Could not open the file at C:\\Users\\sixyco\\AppData\\Local\\Temp\\rust_mozprofileIM9SxR\\search.json.mozlz4", (void 0)))
DevTools listening on ws://127.0.0.1:9393/devtools/browser/2d12090b-882d-4051-bb52-9e94bed7fc76
JavaScript error: resource://gre/modules/URIFixup.sys.mjs, line 304: NS_ERROR_FAILURE: Should pass a non-null uri
JavaScript error: resource://gre/modules/XULStore.jsm, line 58: Error: Can't find profile directory.
JavaScript error: resource://gre/modules/XULStore.jsm, line 58: Error: Can't find profile directory.
JavaScript warning: https://dlswbr.baidu.com/heicha/mw/abclite-2063-s.js?_t=1669732108648, line 1: WEBGL_debug_renderer_info is deprecated in Firefox and will be removed. Please use RENDERER.
console.warn: LoginRecipes: "Falling back to a synchronous message for: http://shop-xo.hctestedu.com."
1669732110590	Marionette	INFO	Stopped listening on port 9404
1669732117778	geckodriver	INFO	Listening on 127.0.0.1:9494
1669732120831	mozrunner::runner	INFO	Running command: "C:\\Program Files\\Mozilla Firefox\\firefox.exe" "--marionette" "--remote-debugging-port" "9495" "--remote-allow-hosts" "localhost" "-no-remote" "-profile" "C:\\Users\\sixyco\\AppData\\Local\\Temp\\rust_mozprofileNda1Ul"
1669732121305	Marionette	INFO	Marionette enabled
1669732121312	Marionette	INFO	Listening on port 9504
Read port: 9504
WebDriver BiDi listening on ws://127.0.0.1:9495
1669732121726	RemoteAgent	WARN	TLS certificate errors will be ignored for this session
console.warn: SearchSettings: "get: No settings file exists, new profile?" (new NotFoundError("Could not open the file at C:\\Users\\sixyco\\AppData\\Local\\Temp\\rust_mozprofileNda1Ul\\search.json.mozlz4", (void 0)))
DevTools listening on ws://127.0.0.1:9495/devtools/browser/86a75c4c-3afb-4726-b12c-ca90cb21ddc6
JavaScript error: resource://gre/modules/URIFixup.sys.mjs, line 304: NS_ERROR_FAILURE: Should pass a non-null uri
JavaScript warning: https://dlswbr.baidu.com/heicha/mw/abclite-2063-s.js?_t=1669732134497, line 1: WEBGL_debug_renderer_info is deprecated in Firefox and will be removed. Please use RENDERER.
JavaScript warning: https://dlswbr.baidu.com/heicha/mw/abclite-2063-s.js?_t=1669732135493, line 1: WEBGL_debug_renderer_info is deprecated in Firefox and will be removed. Please use RENDERER.
JavaScript error: resource://gre/modules/XULStore.jsm, line 58: Error: Can't find profile directory.
JavaScript error: resource://gre/modules/XULStore.jsm, line 58: Error: Can't find profile directory.
JavaScript warning: https://dlswbr.baidu.com/heicha/mw/abclite-2063-s.js?_t=1669732136614, line 1: WEBGL_debug_renderer_info is deprecated in Firefox and will be removed. Please use RENDERER.
console.warn: LoginRecipes: "Falling back to a synchronous message for: http://shop-xo.hctestedu.com."
JavaScript warning: https://dlswbr.baidu.com/heicha/mw/abclite-2063-s.js?_t=1669732138066, line 1: WEBGL_debug_renderer_info is deprecated in Firefox and will be removed. Please use RENDERER.
console.warn: LoginRecipes: "Falling back to a synchronous message for: http://shop-xo.hctestedu.com."
1669732141396	Marionette	INFO	Stopped listening on port 9504
